----------------------------------------
🔹 Installing on invoice-db1 (192.168.3.56) using invoice-db1.sh
----------------------------------------
Setting hostname to invoice-db1...
Updating system...

WARNING: apt does not have a stable CLI interface. Use with caution in scripts.

Hit:1 http://deb.debian.org/debian trixie InRelease
Hit:2 http://security.debian.org/debian-security trixie-security InRelease
Reading package lists...
Building dependency tree...
Reading state information...
7 packages can be upgraded. Run 'apt list --upgradable' to see them.
Installing PostgreSQL...

WARNING: apt does not have a stable CLI interface. Use with caution in scripts.

Reading package lists...
Building dependency tree...
Reading state information...
postgresql is already the newest version (17+278).
Summary:
  Upgrading: 0, Installing: 0, Removing: 0, Not Upgrading: 7
Synchronizing state of postgresql.service with SysV service script with /usr/lib/systemd/systemd-sysv-install.
Executing: /usr/lib/systemd/systemd-sysv-install enable postgresql
Creating PostgreSQL role and database...
ERROR:  role "siwapp" already exists
ERROR:  role "replicator" already exists
ERROR:  database "siwapp_prod" already exists
ERROR:  replication slot "replica2_slot" already exists
ERROR:  replication slot "replica3_slot" already exists
Configuring PostgreSQL to allow remote connections...
Restarting PostgreSQL service...
✅ PostgreSQL setup completed successfully!
----------------------------------------
🔹 Installing on invoice-db2 (192.168.3.50) using invoice-db2.sh
----------------------------------------
Setting hostname to invoice-db2...
Updating system...

WARNING: apt does not have a stable CLI interface. Use with caution in scripts.

Hit:1 http://security.debian.org/debian-security trixie-security InRelease
Hit:2 http://deb.debian.org/debian trixie InRelease
Reading package lists...
Building dependency tree...
Reading state information...
7 packages can be upgraded. Run 'apt list --upgradable' to see them.
Installing PostgreSQL...

WARNING: apt does not have a stable CLI interface. Use with caution in scripts.

Reading package lists...
Building dependency tree...
Reading state information...
postgresql is already the newest version (17+278).
Summary:
  Upgrading: 0, Installing: 0, Removing: 0, Not Upgrading: 7
Stopping PostgreSQL...
Cleaning old data directory...
Cloning data from primary...
waiting for checkpoint
30718/30718 kB (100%), 0/1 tablespace
30718/30718 kB (100%), 1/1 tablespace
Updating standby configuration...
Configuring PostgreSQL to allow remote connections...
Synchronizing state of postgresql.service with SysV service script with /usr/lib/systemd/systemd-sysv-install.
Executing: /usr/lib/systemd/systemd-sysv-install enable postgresql
✅ PostgreSQL setup completed successfully!
----------------------------------------
🔹 Installing on invoice-db3 (192.168.3.76) using invoice-db3.sh
----------------------------------------
Setting hostname to invoice-db3...
Updating system...

WARNING: apt does not have a stable CLI interface. Use with caution in scripts.

Hit:1 http://deb.debian.org/debian trixie InRelease
Hit:2 http://security.debian.org/debian-security trixie-security InRelease
Reading package lists...
Building dependency tree...
Reading state information...
7 packages can be upgraded. Run 'apt list --upgradable' to see them.
Installing PostgreSQL...

WARNING: apt does not have a stable CLI interface. Use with caution in scripts.

Reading package lists...
Building dependency tree...
Reading state information...
postgresql is already the newest version (17+278).
Summary:
  Upgrading: 0, Installing: 0, Removing: 0, Not Upgrading: 7
Stopping PostgreSQL...
Cleaning old data directory...
Cloning data from primary...
waiting for checkpoint
30718/30718 kB (100%), 0/1 tablespace
30718/30718 kB (100%), 1/1 tablespace
Updating standby configuration...
Configuring PostgreSQL to allow remote connections...
Synchronizing state of postgresql.service with SysV service script with /usr/lib/systemd/systemd-sysv-install.
Executing: /usr/lib/systemd/systemd-sysv-install enable postgresql
✅ PostgreSQL setup completed successfully!
----------------------------------------
🔹 Installing on invoice-db-lb (192.168.3.52) using invoice-db-lb.sh
----------------------------------------
Setting hostname to invoice-db-lb...
Installing HAProxy...

WARNING: apt does not have a stable CLI interface. Use with caution in scripts.

Hit:1 http://security.debian.org/debian-security trixie-security InRelease
Hit:2 http://deb.debian.org/debian trixie InRelease
Reading package lists...
Building dependency tree...
Reading state information...
7 packages can be upgraded. Run 'apt list --upgradable' to see them.

WARNING: apt does not have a stable CLI interface. Use with caution in scripts.

Reading package lists...
Building dependency tree...
Reading state information...
haproxy is already the newest version (3.0.11-1+deb13u2).
socat is already the newest version (1.8.0.3-1).
postgresql-client is already the newest version (17+278).
Summary:
  Upgrading: 0, Installing: 0, Removing: 0, Not Upgrading: 7
Synchronizing state of haproxy.service with SysV service script with /usr/lib/systemd/systemd-sysv-install.
Executing: /usr/lib/systemd/systemd-sysv-install enable haproxy
✅ HAProxy role-aware setup completed!
Frontend port: 5432 → routes traffic to primary/replicas dynamically
----------------------------------------
🔹 Installing on invoice-app1 (192.168.3.53) using invoice-app1.sh
----------------------------------------
Setting hostname to invoice-app1...

WARNING: apt does not have a stable CLI interface. Use with caution in scripts.

Hit:1 http://deb.debian.org/debian trixie InRelease
Hit:2 http://security.debian.org/debian-security trixie-security InRelease
Reading package lists...
Building dependency tree...
Reading state information...
7 packages can be upgraded. Run 'apt list --upgradable' to see them.

WARNING: apt does not have a stable CLI interface. Use with caution in scripts.

Reading package lists...
Building dependency tree...
Reading state information...
wget is already the newest version (1.25.0-2).
gnupg is already the newest version (2.4.7-21+deb13u1).
git is already the newest version (1:2.47.3-0+deb13u1).
erlang is already the newest version (1:27.3.4.1+dfsg-1+deb13u1).
elixir is already the newest version (1.18.3.dfsg-1).
libpq-dev is already the newest version (17.9-0+deb13u1).
postgresql-client is already the newest version (17+278).
nginx is already the newest version (1.26.3-3+deb13u2).
openssl is already the newest version (3.5.5-1~deb13u1).
Summary:
  Upgrading: 0, Installing: 0, Removing: 0, Not Upgrading: 7
gpg: no valid OpenPGP data found.
----------------------------------------
🔹 Installing on invoice-db1 (192.168.3.56) using invoice-db1.sh
----------------------------------------
Setting hostname to invoice-db1...
Updating system...

WARNING: apt does not have a stable CLI interface. Use with caution in scripts.

Hit:1 http://deb.debian.org/debian trixie InRelease
Get:2 http://security.debian.org/debian-security trixie-security InRelease [43.4 kB]
Get:3 http://security.debian.org/debian-security trixie-security/main Sources [125 kB]
Get:4 http://security.debian.org/debian-security trixie-security/main amd64 Packages [119 kB]
Fetched 288 kB in 15s (19.1 kB/s)
Reading package lists...
Building dependency tree...
Reading state information...
10 packages can be upgraded. Run 'apt list --upgradable' to see them.
Installing PostgreSQL...

WARNING: apt does not have a stable CLI interface. Use with caution in scripts.

Reading package lists...
Building dependency tree...
Reading state information...
postgresql is already the newest version (17+278).
Summary:
  Upgrading: 0, Installing: 0, Removing: 0, Not Upgrading: 10
Synchronizing state of postgresql.service with SysV service script with /usr/lib/systemd/systemd-sysv-install.
Executing: /usr/lib/systemd/systemd-sysv-install enable postgresql
Creating PostgreSQL role and database...
NOTICE:  Role siwapp already exists, skipping
DO
NOTICE:  Role replicator already exists, skipping
DO
ERROR:  syntax error at or near "\"
LINE 3: ...SELECT FROM pg_database WHERE datname = 'siwapp_prod')\gexec
                                                                 ^
----------------------------------------
🔹 Installing on invoice-db1 (192.168.3.56) using invoice-db1.sh
----------------------------------------
Setting hostname to invoice-db1...
Updating system...

WARNING: apt does not have a stable CLI interface. Use with caution in scripts.

Hit:1 http://deb.debian.org/debian trixie InRelease
Hit:2 http://security.debian.org/debian-security trixie-security InRelease
Reading package lists...
Building dependency tree...
Reading state information...
10 packages can be upgraded. Run 'apt list --upgradable' to see them.
Installing PostgreSQL...

WARNING: apt does not have a stable CLI interface. Use with caution in scripts.

Reading package lists...
Building dependency tree...
Reading state information...
postgresql is already the newest version (17+278).
Summary:
  Upgrading: 0, Installing: 0, Removing: 0, Not Upgrading: 10
Synchronizing state of postgresql.service with SysV service script with /usr/lib/systemd/systemd-sysv-install.
Executing: /usr/lib/systemd/systemd-sysv-install enable postgresql
Creating PostgreSQL role and database...
NOTICE:  Role siwapp already exists, skipping
DO
NOTICE:  Role replicator already exists, skipping
DO
Database siwapp_prod already exists, skipping
NOTICE:  Replication slot replica2_slot already exists, skipping
DO
NOTICE:  Replication slot replica3_slot already exists, skipping
DO
Configuring PostgreSQL to allow remote connections...
listen_addresses already configured, skipping
pg_hba rule for all connections already exists, skipping
pg_hba replication rule already exists, skipping
Replication settings already configured, skipping
Restarting PostgreSQL service...
✅ PostgreSQL setup completed successfully!
----------------------------------------
🔹 Installing on invoice-db2 (192.168.3.50) using invoice-db2.sh
----------------------------------------
Setting hostname to invoice-db2...
Updating system...

WARNING: apt does not have a stable CLI interface. Use with caution in scripts.

Hit:1 http://deb.debian.org/debian trixie InRelease
Get:2 http://security.debian.org/debian-security trixie-security InRelease [43.4 kB]
Get:3 http://security.debian.org/debian-security trixie-security/main Sources [125 kB]
Get:4 http://security.debian.org/debian-security trixie-security/main amd64 Packages [119 kB]
Fetched 288 kB in 18s (16.2 kB/s)
Reading package lists...
Building dependency tree...
Reading state information...
10 packages can be upgraded. Run 'apt list --upgradable' to see them.
Installing PostgreSQL...

WARNING: apt does not have a stable CLI interface. Use with caution in scripts.

Reading package lists...
Building dependency tree...
Reading state information...
postgresql is already the newest version (17+278).
Summary:
  Upgrading: 0, Installing: 0, Removing: 0, Not Upgrading: 10
✅ Already running as replica, skipping pg_basebackup
Configuring PostgreSQL to allow remote connections...
listen_addresses already configured, skipping
pg_hba rule already exists, skipping
Starting PostgreSQL...
Synchronizing state of postgresql.service with SysV service script with /usr/lib/systemd/systemd-sysv-install.
Executing: /usr/lib/systemd/systemd-sysv-install enable postgresql
Verifying replication status...
✅ PostgreSQL replica setup completed successfully! (Replicating from 192.168.3.56)
----------------------------------------
🔹 Installing on invoice-db3 (192.168.3.76) using invoice-db3.sh
----------------------------------------
Setting hostname to invoice-db3...
Updating system...

WARNING: apt does not have a stable CLI interface. Use with caution in scripts.

Hit:1 http://deb.debian.org/debian trixie InRelease
Get:2 http://security.debian.org/debian-security trixie-security InRelease [43.4 kB]
Get:3 http://security.debian.org/debian-security trixie-security/main Sources [125 kB]
Get:4 http://security.debian.org/debian-security trixie-security/main amd64 Packages [119 kB]
Fetched 288 kB in 17s (17.4 kB/s)
Reading package lists...
Building dependency tree...
Reading state information...
10 packages can be upgraded. Run 'apt list --upgradable' to see them.
Installing PostgreSQL...

WARNING: apt does not have a stable CLI interface. Use with caution in scripts.

Reading package lists...
Building dependency tree...
Reading state information...
postgresql is already the newest version (17+278).
Summary:
  Upgrading: 0, Installing: 0, Removing: 0, Not Upgrading: 10
✅ Already running as replica, skipping pg_basebackup
Configuring PostgreSQL to allow remote connections...
listen_addresses already configured, skipping
pg_hba rule already exists, skipping
Starting PostgreSQL...
Synchronizing state of postgresql.service with SysV service script with /usr/lib/systemd/systemd-sysv-install.
Executing: /usr/lib/systemd/systemd-sysv-install enable postgresql
Verifying replication status...
✅ PostgreSQL replica setup completed successfully! (Replicating from 192.168.3.56)
----------------------------------------
🔹 Installing on invoice-db-lb (192.168.3.52) using invoice-db-lb.sh
----------------------------------------
Setting hostname to invoice-db-lb...
Installing HAProxy...

WARNING: apt does not have a stable CLI interface. Use with caution in scripts.

Hit:1 http://deb.debian.org/debian trixie InRelease
Get:2 http://security.debian.org/debian-security trixie-security InRelease [43.4 kB]
Get:3 http://security.debian.org/debian-security trixie-security/main Sources [125 kB]
Get:4 http://security.debian.org/debian-security trixie-security/main amd64 Packages [119 kB]
Fetched 288 kB in 18s (16.0 kB/s)
Reading package lists...
Building dependency tree...
Reading state information...
10 packages can be upgraded. Run 'apt list --upgradable' to see them.

WARNING: apt does not have a stable CLI interface. Use with caution in scripts.

Reading package lists...
Building dependency tree...
Reading state information...
haproxy is already the newest version (3.0.11-1+deb13u2).
socat is already the newest version (1.8.0.3-1).
postgresql-client is already the newest version (17+278).
Summary:
  Upgrading: 0, Installing: 0, Removing: 0, Not Upgrading: 10
Synchronizing state of haproxy.service with SysV service script with /usr/lib/systemd/systemd-sysv-install.
Executing: /usr/lib/systemd/systemd-sysv-install enable haproxy
Configuring HAProxy...
Creating health check script...
Setting up health check timer...
✅ HAProxy role-aware setup completed!
Frontend port: 5432 → routes traffic to primary/replicas dynamically
----------------------------------------
🔹 Installing on invoice-app1 (192.168.3.53) using invoice-app1.sh
----------------------------------------
Setting hostname to invoice-app1...
Installing dependencies...

WARNING: apt does not have a stable CLI interface. Use with caution in scripts.

Hit:1 http://security.debian.org/debian-security trixie-security InRelease
Hit:2 http://deb.debian.org/debian trixie InRelease
Reading package lists...
Building dependency tree...
Reading state information...
7 packages can be upgraded. Run 'apt list --upgradable' to see them.

WARNING: apt does not have a stable CLI interface. Use with caution in scripts.

Reading package lists...
Building dependency tree...
Reading state information...
wget is already the newest version (1.25.0-2).
gnupg is already the newest version (2.4.7-21+deb13u1).
git is already the newest version (1:2.47.3-0+deb13u1).
erlang is already the newest version (1:27.3.4.1+dfsg-1+deb13u1).
elixir is already the newest version (1.18.3.dfsg-1).
libpq-dev is already the newest version (17.9-0+deb13u1).
postgresql-client is already the newest version (17+278).
nginx is already the newest version (1.26.3-3+deb13u2).
openssl is already the newest version (3.5.5-1~deb13u2).
Summary:
  Upgrading: 0, Installing: 0, Removing: 0, Not Upgrading: 7
Installing Google Chrome...
